{
  "8e60ee14f1560876ffd078206eeefcef" : {
    "statistic" : {
      "failed" : 0,
      "broken" : 3,
      "skipped" : 0,
      "passed" : 0,
      "unknown" : 0,
      "total" : 3
    },
    "items" : [ {
      "uid" : "4a98d7a691801f5b",
      "status" : "broken",
      "statusDetails" : "selenium.common.exceptions.TimeoutException: Message:",
      "time" : {
        "start" : 1709102623259,
        "stop" : 1709102656036,
        "duration" : 32777
      }
    }, {
      "uid" : "b570126d49dac9e8",
      "status" : "broken",
      "statusDetails" : "selenium.common.exceptions.TimeoutException: Message:",
      "time" : {
        "start" : 1709102373307,
        "stop" : 1709102404807,
        "duration" : 31500
      }
    }, {
      "uid" : "3028f8e8ae0ba1ab",
      "status" : "broken",
      "statusDetails" : "selenium.common.exceptions.WebDriverException: Message: unknown error: Chrome failed to start: exited abnormally.\n  (unknown error: DevToolsActivePort file doesn't exist)\n  (The process started from chrome location /usr/bin/chromium-browser is no longer running, so ChromeDriver is assuming that Chrome has crashed.)",
      "time" : {
        "start" : 1709102138933,
        "stop" : 1709102138933,
        "duration" : 0
      }
    } ]
  },
  "2116f0ad00ab1de0effc54f114dd9496" : {
    "statistic" : {
      "failed" : 0,
      "broken" : 0,
      "skipped" : 0,
      "passed" : 2,
      "unknown" : 0,
      "total" : 2
    },
    "items" : [ {
      "uid" : "eceaf2b92a44a622",
      "status" : "passed",
      "time" : {
        "start" : 1708158302539,
        "stop" : 1708158306723,
        "duration" : 4184
      }
    }, {
      "uid" : "49909e64b744bb37",
      "status" : "passed",
      "time" : {
        "start" : 1708157442829,
        "stop" : 1708157446423,
        "duration" : 3594
      }
    } ]
  },
  "c909536b7f0bdab292b5769ff46d2551" : {
    "statistic" : {
      "failed" : 0,
      "broken" : 7,
      "skipped" : 0,
      "passed" : 0,
      "unknown" : 0,
      "total" : 7
    },
    "items" : [ {
      "uid" : "6361dec1d57ab922",
      "status" : "broken",
      "statusDetails" : "selenium.common.exceptions.InvalidArgumentException: Message: invalid argument: File not found : C:/Users/garpix/PycharmProjects/LiteAvto_test/photo/1.TEyKera44KW8zWKonhNlDobY4qM022KzvNbipzrT6K88.webp\n  (Session info: headless chrome=112.0.5615.165)",
      "time" : {
        "start" : 1708333344909,
        "stop" : 1708333352797,
        "duration" : 7888
      }
    }, {
      "uid" : "c4900d882dd95bfb",
      "status" : "broken",
      "statusDetails" : "selenium.common.exceptions.InvalidArgumentException: Message: invalid argument: File not found : https://github.com/Nikita0806/LiteAvto_test/blob/ff7487a2388abf89d1edda5c83e1a6c0417b384f/photo/1.TEyKera44KW8zWKonhNlDobY4qM022KzvNbipzrT6K88.webp\n  (Session info: headless chrome=112.0.5615.165)",
      "time" : {
        "start" : 1708331820236,
        "stop" : 1708331828246,
        "duration" : 8010
      }
    }, {
      "uid" : "fee51415629f0d4f",
      "status" : "broken",
      "statusDetails" : "TypeError: 'NoneType' object is not iterable",
      "time" : {
        "start" : 1708331291396,
        "stop" : 1708331299174,
        "duration" : 7778
      }
    }, {
      "uid" : "f5ab6cc04fc8faf3",
      "status" : "broken",
      "statusDetails" : "selenium.common.exceptions.InvalidArgumentException: Message: invalid argument: File not found : https://github.com/Nikita0806/LiteAvto_test/blob/main/photo/1.TEyKera44KW8zWKonhNlDobY4qM022KzvNbipzrT6K88.webp\n  (Session info: headless chrome=112.0.5615.165)",
      "time" : {
        "start" : 1708330382788,
        "stop" : 1708330390025,
        "duration" : 7237
      }
    }, {
      "uid" : "b7d23e43465efde",
      "status" : "broken",
      "statusDetails" : "selenium.common.exceptions.InvalidArgumentException: Message: invalid argument: File not found : https://github.com/Nikita0806/LiteAvto_test/blob/main/photo/1.TEyKera44KW8zWKonhNlDobY4qM022KzvNbipzrT6K88.webp\n  (Session info: headless chrome=112.0.5615.165)",
      "time" : {
        "start" : 1708166621198,
        "stop" : 1708166627581,
        "duration" : 6383
      }
    }, {
      "uid" : "c210879f77c4c098",
      "status" : "broken",
      "statusDetails" : "selenium.common.exceptions.InvalidArgumentException: Message: invalid argument: File not found : https://github.com/Nikita0806/LiteAvto_test/blob/51b218ac062ab4db8e5a47d374c8a421eab46cab/photo/1.fcIFDra40SszpxMuc083gQms0y27r1Mjc6rTKbWn2SGz.webp\n  (Session info: headless chrome=112.0.5615.165)",
      "time" : {
        "start" : 1708166397692,
        "stop" : 1708166404787,
        "duration" : 7095
      }
    }, {
      "uid" : "5ddd3e79368bfa35",
      "status" : "broken",
      "statusDetails" : "selenium.common.exceptions.InvalidArgumentException: Message: invalid argument: File not found : C:\\Users\\garpix\\PycharmProjects\\LiteAvto_test\\photo\\1.fcIFDra40SszpxMuc083gQms0y27r1Mjc6rTKbWn2SGz.webp\n  (Session info: headless chrome=112.0.5615.165)",
      "time" : {
        "start" : 1708165356564,
        "stop" : 1708165363856,
        "duration" : 7292
      }
    } ]
  }
}