{
  "uid" : "18fedc602a7b06ff",
  "name" : "Full test",
  "fullName" : "tests.test_full.TestFullСheck#test_full",
  "historyId" : "8e60ee14f1560876ffd078206eeefcef",
  "time" : {
    "start" : 1708155761323,
    "stop" : 1708155776704,
    "duration" : 15381
  },
  "status" : "broken",
  "statusMessage" : "selenium.common.exceptions.TimeoutException: Message:",
  "statusTrace" : "self = <test_full.TestFullСheck object at 0x7f3f157dd130>\n\n    @allure.title(\"Full test\")\n    @allure.severity(\"Critical\")\n    @pytest.mark.registration\n    def test_full(self):\n            # РЕГИСТРАЦИЯ\n        self.dashboard_registration_page.open()                                     # Открытие главной страницы\n        self.dashboard_registration_page.is_opened()                                # Проверка на открытие\n        self.dashboard_registration_page.click_registration()                       # Клик на регистрация\n        self.registration_page.open()                                               # Открытие страницы регистрации\n        self.registration_page.enter_login(self.data.R_LOGIN)                       # ввод логина\n        self.registration_page.enter_password(self.data.R_PASSWORD)                 # ввод пароля\n        self.registration_page.enter_repeat_password(self.data.R_REPEAT_PASSWORD)   # ввод пароля\n        self.registration_page.click_submit_button()                                # Клик на кнопку сохранить\n        self.registration_page.exit_login()                                         # Выход из логина\n            # ЛОГИН\n        self.login_page.enter_login(self.data.R_LOGIN)                              # ввод логина\n        self.login_page.enter_password(self.data.R_PASSWORD)                        # ввод пароля\n        self.login_page.click_submit_button()                                       # нажатие на войти\n            # ФИЛТЕР\n        self.search.scrol_down_button()                                             # Скролл страницы до кнопки\n        self.search.next_page()                                                     # Следующая страница\n        self.search.scrol_down()                                                    # Скролл вниз\n        self.search.scrol_up()                                                      # Скролл вверх\n        self.search.click_search_marka()                                            # Выпадающий список марок\n        self.search.click_select_marka()                                            # Выбор марки\n        self.search.click_search_model()                                            # Выпадающий список модели\n        self.search.click_select_model()                                            # Выбор модели\n        self.search.click_search_cuzov()                                            # Выпадающий список кузовов\n        self.search.click_select_cuzov()                                            # Выбор кузова\n        self.search.start_price(f\"26{random.randint(1000, 100000)}\")                # Заполнение цены от\n        self.search.end_price(f\"3{random.randint(10000, 1000000)}\")                 # Заполнение цены до\n        self.search.start_mileage(f\"46{random.randint(10, 1000)}\")                  # Заполнение пробега от\n        self.search.end_mileage(f\"5{random.randint(100, 10000)}\")                   # Заполнение пробега до\n        self.search.explore_search()                                                # Поиск\n>       self.search.car_card_1()                                                    # Открытие карточки авто\n\ntests/test_full.py:44: \n_ _ _ _ _ _ _ _ _ _ _ _ _ _ _ _ _ _ _ _ _ _ _ _ _ _ _ _ _ _ _ _ _ _ _ _ _ _ _ _ \npages/for_search/dashborad_search_page.py:96: in car_card_1\n    self.wait.until(EC.element_to_be_clickable(self.CAR_CARD_1)).click()\n_ _ _ _ _ _ _ _ _ _ _ _ _ _ _ _ _ _ _ _ _ _ _ _ _ _ _ _ _ _ _ _ _ _ _ _ _ _ _ _ \n\nself = <selenium.webdriver.support.wait.WebDriverWait (session=\"b4f7e890ba47f94ae20619a86cbc3859\")>\nmethod = <function element_to_be_clickable.<locals>._predicate at 0x7f3f1490cea0>\nmessage = ''\n\n    def until(self, method: Callable[[D], Union[Literal[False], T]], message: str = \"\") -> T:\n        \"\"\"Calls the method provided with the driver as an argument until the \\\n        return value does not evaluate to ``False``.\n    \n        :param method: callable(WebDriver)\n        :param message: optional message for :exc:`TimeoutException`\n        :returns: the result of the last call to `method`\n        :raises: :exc:`selenium.common.exceptions.TimeoutException` if timeout occurs\n        \"\"\"\n        screen = None\n        stacktrace = None\n    \n        end_time = time.monotonic() + self._timeout\n        while True:\n            try:\n                value = method(self._driver)\n                if value:\n                    return value\n            except self._ignored_exceptions as exc:\n                screen = getattr(exc, \"screen\", None)\n                stacktrace = getattr(exc, \"stacktrace\", None)\n            time.sleep(self._poll)\n            if time.monotonic() > end_time:\n                break\n>       raise TimeoutException(message, screen, stacktrace)\nE       selenium.common.exceptions.TimeoutException: Message:\n\n../local/lib/python3.12/site-packages/selenium/webdriver/support/wait.py:105: TimeoutException",
  "flaky" : false,
  "newFailed" : false,
  "beforeStages" : [ {
    "name" : "setup",
    "time" : {
      "start" : 1708155761323,
      "stop" : 1708155761323,
      "duration" : 0
    },
    "status" : "passed",
    "steps" : [ ],
    "attachments" : [ ],
    "parameters" : [ ],
    "attachmentsCount" : 0,
    "shouldDisplayMessage" : false,
    "stepsCount" : 0,
    "hasContent" : false
  }, {
    "name" : "driver",
    "time" : {
      "start" : 1708155760898,
      "stop" : 1708155761322,
      "duration" : 424
    },
    "status" : "passed",
    "steps" : [ ],
    "attachments" : [ ],
    "parameters" : [ ],
    "attachmentsCount" : 0,
    "shouldDisplayMessage" : false,
    "stepsCount" : 0,
    "hasContent" : false
  } ],
  "testStage" : {
    "status" : "broken",
    "statusMessage" : "selenium.common.exceptions.TimeoutException: Message:",
    "statusTrace" : "self = <test_full.TestFullСheck object at 0x7f3f157dd130>\n\n    @allure.title(\"Full test\")\n    @allure.severity(\"Critical\")\n    @pytest.mark.registration\n    def test_full(self):\n            # РЕГИСТРАЦИЯ\n        self.dashboard_registration_page.open()                                     # Открытие главной страницы\n        self.dashboard_registration_page.is_opened()                                # Проверка на открытие\n        self.dashboard_registration_page.click_registration()                       # Клик на регистрация\n        self.registration_page.open()                                               # Открытие страницы регистрации\n        self.registration_page.enter_login(self.data.R_LOGIN)                       # ввод логина\n        self.registration_page.enter_password(self.data.R_PASSWORD)                 # ввод пароля\n        self.registration_page.enter_repeat_password(self.data.R_REPEAT_PASSWORD)   # ввод пароля\n        self.registration_page.click_submit_button()                                # Клик на кнопку сохранить\n        self.registration_page.exit_login()                                         # Выход из логина\n            # ЛОГИН\n        self.login_page.enter_login(self.data.R_LOGIN)                              # ввод логина\n        self.login_page.enter_password(self.data.R_PASSWORD)                        # ввод пароля\n        self.login_page.click_submit_button()                                       # нажатие на войти\n            # ФИЛТЕР\n        self.search.scrol_down_button()                                             # Скролл страницы до кнопки\n        self.search.next_page()                                                     # Следующая страница\n        self.search.scrol_down()                                                    # Скролл вниз\n        self.search.scrol_up()                                                      # Скролл вверх\n        self.search.click_search_marka()                                            # Выпадающий список марок\n        self.search.click_select_marka()                                            # Выбор марки\n        self.search.click_search_model()                                            # Выпадающий список модели\n        self.search.click_select_model()                                            # Выбор модели\n        self.search.click_search_cuzov()                                            # Выпадающий список кузовов\n        self.search.click_select_cuzov()                                            # Выбор кузова\n        self.search.start_price(f\"26{random.randint(1000, 100000)}\")                # Заполнение цены от\n        self.search.end_price(f\"3{random.randint(10000, 1000000)}\")                 # Заполнение цены до\n        self.search.start_mileage(f\"46{random.randint(10, 1000)}\")                  # Заполнение пробега от\n        self.search.end_mileage(f\"5{random.randint(100, 10000)}\")                   # Заполнение пробега до\n        self.search.explore_search()                                                # Поиск\n>       self.search.car_card_1()                                                    # Открытие карточки авто\n\ntests/test_full.py:44: \n_ _ _ _ _ _ _ _ _ _ _ _ _ _ _ _ _ _ _ _ _ _ _ _ _ _ _ _ _ _ _ _ _ _ _ _ _ _ _ _ \npages/for_search/dashborad_search_page.py:96: in car_card_1\n    self.wait.until(EC.element_to_be_clickable(self.CAR_CARD_1)).click()\n_ _ _ _ _ _ _ _ _ _ _ _ _ _ _ _ _ _ _ _ _ _ _ _ _ _ _ _ _ _ _ _ _ _ _ _ _ _ _ _ \n\nself = <selenium.webdriver.support.wait.WebDriverWait (session=\"b4f7e890ba47f94ae20619a86cbc3859\")>\nmethod = <function element_to_be_clickable.<locals>._predicate at 0x7f3f1490cea0>\nmessage = ''\n\n    def until(self, method: Callable[[D], Union[Literal[False], T]], message: str = \"\") -> T:\n        \"\"\"Calls the method provided with the driver as an argument until the \\\n        return value does not evaluate to ``False``.\n    \n        :param method: callable(WebDriver)\n        :param message: optional message for :exc:`TimeoutException`\n        :returns: the result of the last call to `method`\n        :raises: :exc:`selenium.common.exceptions.TimeoutException` if timeout occurs\n        \"\"\"\n        screen = None\n        stacktrace = None\n    \n        end_time = time.monotonic() + self._timeout\n        while True:\n            try:\n                value = method(self._driver)\n                if value:\n                    return value\n            except self._ignored_exceptions as exc:\n                screen = getattr(exc, \"screen\", None)\n                stacktrace = getattr(exc, \"stacktrace\", None)\n            time.sleep(self._poll)\n            if time.monotonic() > end_time:\n                break\n>       raise TimeoutException(message, screen, stacktrace)\nE       selenium.common.exceptions.TimeoutException: Message:\n\n../local/lib/python3.12/site-packages/selenium/webdriver/support/wait.py:105: TimeoutException",
    "steps" : [ {
      "name" : "Open https://liteavto.pythonanywhere.com/ page",
      "time" : {
        "start" : 1708155761323,
        "stop" : 1708155763713,
        "duration" : 2390
      },
      "status" : "passed",
      "steps" : [ ],
      "attachments" : [ ],
      "parameters" : [ ],
      "attachmentsCount" : 0,
      "shouldDisplayMessage" : false,
      "stepsCount" : 0,
      "hasContent" : false
    }, {
      "name" : "Page https://liteavto.pythonanywhere.com/ is opened",
      "time" : {
        "start" : 1708155763713,
        "stop" : 1708155763717,
        "duration" : 4
      },
      "status" : "passed",
      "steps" : [ ],
      "attachments" : [ ],
      "parameters" : [ ],
      "attachmentsCount" : 0,
      "shouldDisplayMessage" : false,
      "stepsCount" : 0,
      "hasContent" : false
    }, {
      "name" : "Click on registration",
      "time" : {
        "start" : 1708155763717,
        "stop" : 1708155763983,
        "duration" : 266
      },
      "status" : "passed",
      "steps" : [ ],
      "attachments" : [ ],
      "parameters" : [ ],
      "attachmentsCount" : 0,
      "shouldDisplayMessage" : false,
      "stepsCount" : 0,
      "hasContent" : false
    }, {
      "name" : "Open https://liteavto.pythonanywhere.com/register page",
      "time" : {
        "start" : 1708155763983,
        "stop" : 1708155764160,
        "duration" : 177
      },
      "status" : "passed",
      "steps" : [ ],
      "attachments" : [ ],
      "parameters" : [ ],
      "attachmentsCount" : 0,
      "shouldDisplayMessage" : false,
      "stepsCount" : 0,
      "hasContent" : false
    }, {
      "name" : "Enter login",
      "time" : {
        "start" : 1708155764160,
        "stop" : 1708155764211,
        "duration" : 51
      },
      "status" : "passed",
      "steps" : [ ],
      "attachments" : [ ],
      "parameters" : [ {
        "name" : "login",
        "value" : "'garpix'"
      } ],
      "attachmentsCount" : 0,
      "shouldDisplayMessage" : false,
      "stepsCount" : 0,
      "hasContent" : true
    }, {
      "name" : "Enter password",
      "time" : {
        "start" : 1708155764211,
        "stop" : 1708155764263,
        "duration" : 52
      },
      "status" : "passed",
      "steps" : [ ],
      "attachments" : [ ],
      "parameters" : [ {
        "name" : "password",
        "value" : "'garpix911'"
      } ],
      "attachmentsCount" : 0,
      "shouldDisplayMessage" : false,
      "stepsCount" : 0,
      "hasContent" : true
    }, {
      "name" : "Enter repeat password",
      "time" : {
        "start" : 1708155764263,
        "stop" : 1708155764316,
        "duration" : 53
      },
      "status" : "passed",
      "steps" : [ ],
      "attachments" : [ ],
      "parameters" : [ {
        "name" : "password",
        "value" : "'garpix911'"
      } ],
      "attachmentsCount" : 0,
      "shouldDisplayMessage" : false,
      "stepsCount" : 0,
      "hasContent" : true
    }, {
      "name" : "Click submit button",
      "time" : {
        "start" : 1708155764316,
        "stop" : 1708155764491,
        "duration" : 175
      },
      "status" : "passed",
      "steps" : [ ],
      "attachments" : [ ],
      "parameters" : [ ],
      "attachmentsCount" : 0,
      "shouldDisplayMessage" : false,
      "stepsCount" : 0,
      "hasContent" : false
    }, {
      "name" : "Click exit login",
      "time" : {
        "start" : 1708155764491,
        "stop" : 1708155764734,
        "duration" : 243
      },
      "status" : "passed",
      "steps" : [ ],
      "attachments" : [ ],
      "parameters" : [ ],
      "attachmentsCount" : 0,
      "shouldDisplayMessage" : false,
      "stepsCount" : 0,
      "hasContent" : false
    }, {
      "name" : "Enter login",
      "time" : {
        "start" : 1708155764734,
        "stop" : 1708155764773,
        "duration" : 39
      },
      "status" : "passed",
      "steps" : [ ],
      "attachments" : [ ],
      "parameters" : [ {
        "name" : "login",
        "value" : "'garpix'"
      } ],
      "attachmentsCount" : 0,
      "shouldDisplayMessage" : false,
      "stepsCount" : 0,
      "hasContent" : true
    }, {
      "name" : "Enter password",
      "time" : {
        "start" : 1708155764773,
        "stop" : 1708155764822,
        "duration" : 49
      },
      "status" : "passed",
      "steps" : [ ],
      "attachments" : [ ],
      "parameters" : [ {
        "name" : "password",
        "value" : "'garpix911'"
      } ],
      "attachmentsCount" : 0,
      "shouldDisplayMessage" : false,
      "stepsCount" : 0,
      "hasContent" : true
    }, {
      "name" : "Click on submit button",
      "time" : {
        "start" : 1708155764822,
        "stop" : 1708155765577,
        "duration" : 755
      },
      "status" : "passed",
      "steps" : [ ],
      "attachments" : [ ],
      "parameters" : [ ],
      "attachmentsCount" : 0,
      "shouldDisplayMessage" : false,
      "stepsCount" : 0,
      "hasContent" : false
    }, {
      "name" : "Scroll page to the button",
      "time" : {
        "start" : 1708155765577,
        "stop" : 1708155765593,
        "duration" : 16
      },
      "status" : "passed",
      "steps" : [ ],
      "attachments" : [ ],
      "parameters" : [ ],
      "attachmentsCount" : 0,
      "shouldDisplayMessage" : false,
      "stepsCount" : 0,
      "hasContent" : false
    }, {
      "name" : "Click on next page",
      "time" : {
        "start" : 1708155765593,
        "stop" : 1708155765967,
        "duration" : 374
      },
      "status" : "passed",
      "steps" : [ ],
      "attachments" : [ ],
      "parameters" : [ ],
      "attachmentsCount" : 0,
      "shouldDisplayMessage" : false,
      "stepsCount" : 0,
      "hasContent" : false
    }, {
      "name" : "Scrol https://liteavto.pythonanywhere.com/ page",
      "time" : {
        "start" : 1708155765967,
        "stop" : 1708155765970,
        "duration" : 3
      },
      "status" : "passed",
      "steps" : [ ],
      "attachments" : [ ],
      "parameters" : [ ],
      "attachmentsCount" : 0,
      "shouldDisplayMessage" : false,
      "stepsCount" : 0,
      "hasContent" : false
    }, {
      "name" : "Scrol https://liteavto.pythonanywhere.com/ page",
      "time" : {
        "start" : 1708155765970,
        "stop" : 1708155765973,
        "duration" : 3
      },
      "status" : "passed",
      "steps" : [ ],
      "attachments" : [ ],
      "parameters" : [ ],
      "attachmentsCount" : 0,
      "shouldDisplayMessage" : false,
      "stepsCount" : 0,
      "hasContent" : false
    }, {
      "name" : "Click on search marka",
      "time" : {
        "start" : 1708155765973,
        "stop" : 1708155766027,
        "duration" : 54
      },
      "status" : "passed",
      "steps" : [ ],
      "attachments" : [ ],
      "parameters" : [ ],
      "attachmentsCount" : 0,
      "shouldDisplayMessage" : false,
      "stepsCount" : 0,
      "hasContent" : false
    }, {
      "name" : "Click on select marka",
      "time" : {
        "start" : 1708155766027,
        "stop" : 1708155766065,
        "duration" : 38
      },
      "status" : "passed",
      "steps" : [ ],
      "attachments" : [ ],
      "parameters" : [ ],
      "attachmentsCount" : 0,
      "shouldDisplayMessage" : false,
      "stepsCount" : 0,
      "hasContent" : false
    }, {
      "name" : "Click on search model",
      "time" : {
        "start" : 1708155766065,
        "stop" : 1708155766114,
        "duration" : 49
      },
      "status" : "passed",
      "steps" : [ ],
      "attachments" : [ ],
      "parameters" : [ ],
      "attachmentsCount" : 0,
      "shouldDisplayMessage" : false,
      "stepsCount" : 0,
      "hasContent" : false
    }, {
      "name" : "Click on select model",
      "time" : {
        "start" : 1708155766114,
        "stop" : 1708155766149,
        "duration" : 35
      },
      "status" : "passed",
      "steps" : [ ],
      "attachments" : [ ],
      "parameters" : [ ],
      "attachmentsCount" : 0,
      "shouldDisplayMessage" : false,
      "stepsCount" : 0,
      "hasContent" : false
    }, {
      "name" : "Click on search cuzov",
      "time" : {
        "start" : 1708155766149,
        "stop" : 1708155766203,
        "duration" : 54
      },
      "status" : "passed",
      "steps" : [ ],
      "attachments" : [ ],
      "parameters" : [ ],
      "attachmentsCount" : 0,
      "shouldDisplayMessage" : false,
      "stepsCount" : 0,
      "hasContent" : false
    }, {
      "name" : "Click on select cuzov",
      "time" : {
        "start" : 1708155766203,
        "stop" : 1708155766239,
        "duration" : 36
      },
      "status" : "passed",
      "steps" : [ ],
      "attachments" : [ ],
      "parameters" : [ ],
      "attachmentsCount" : 0,
      "shouldDisplayMessage" : false,
      "stepsCount" : 0,
      "hasContent" : false
    }, {
      "name" : "Enter start price",
      "time" : {
        "start" : 1708155766239,
        "stop" : 1708155766295,
        "duration" : 56
      },
      "status" : "passed",
      "steps" : [ ],
      "attachments" : [ ],
      "parameters" : [ {
        "name" : "new_price",
        "value" : "'2615054'"
      } ],
      "attachmentsCount" : 0,
      "shouldDisplayMessage" : false,
      "stepsCount" : 0,
      "hasContent" : true
    }, {
      "name" : "Enter end price",
      "time" : {
        "start" : 1708155766295,
        "stop" : 1708155766348,
        "duration" : 53
      },
      "status" : "passed",
      "steps" : [ ],
      "attachments" : [ ],
      "parameters" : [ {
        "name" : "new_price",
        "value" : "'311112'"
      } ],
      "attachmentsCount" : 0,
      "shouldDisplayMessage" : false,
      "stepsCount" : 0,
      "hasContent" : true
    }, {
      "name" : "Enter start mileage",
      "time" : {
        "start" : 1708155766348,
        "stop" : 1708155766403,
        "duration" : 55
      },
      "status" : "passed",
      "steps" : [ ],
      "attachments" : [ ],
      "parameters" : [ {
        "name" : "new_mileage",
        "value" : "'46564'"
      } ],
      "attachmentsCount" : 0,
      "shouldDisplayMessage" : false,
      "stepsCount" : 0,
      "hasContent" : true
    }, {
      "name" : "Enter end mileage",
      "time" : {
        "start" : 1708155766403,
        "stop" : 1708155766457,
        "duration" : 54
      },
      "status" : "passed",
      "steps" : [ ],
      "attachments" : [ ],
      "parameters" : [ {
        "name" : "new_mileage",
        "value" : "'59492'"
      } ],
      "attachmentsCount" : 0,
      "shouldDisplayMessage" : false,
      "stepsCount" : 0,
      "hasContent" : true
    }, {
      "name" : "Click explore button",
      "time" : {
        "start" : 1708155766457,
        "stop" : 1708155766642,
        "duration" : 185
      },
      "status" : "passed",
      "steps" : [ ],
      "attachments" : [ ],
      "parameters" : [ ],
      "attachmentsCount" : 0,
      "shouldDisplayMessage" : false,
      "stepsCount" : 0,
      "hasContent" : false
    }, {
      "name" : "Click car card 1",
      "time" : {
        "start" : 1708155766642,
        "stop" : 1708155776703,
        "duration" : 10061
      },
      "status" : "broken",
      "statusMessage" : "selenium.common.exceptions.TimeoutException: Message: \n\n",
      "statusTrace" : "  File \"/usr/local/lib/python3.12/site-packages/allure_commons/_allure.py\", line 192, in impl\n    return func(*a, **kw)\n           ^^^^^^^^^^^^^^\n  File \"/usr/workspace/pages/for_search/dashborad_search_page.py\", line 96, in car_card_1\n    self.wait.until(EC.element_to_be_clickable(self.CAR_CARD_1)).click()\n    ^^^^^^^^^^^^^^^^^^^^^^^^^^^^^^^^^^^^^^^^^^^^^^^^^^^^^^^^^^^^\n  File \"/usr/local/lib/python3.12/site-packages/selenium/webdriver/support/wait.py\", line 105, in until\n    raise TimeoutException(message, screen, stacktrace)\n",
      "steps" : [ ],
      "attachments" : [ ],
      "parameters" : [ ],
      "attachmentsCount" : 0,
      "shouldDisplayMessage" : true,
      "stepsCount" : 0,
      "hasContent" : true
    } ],
    "attachments" : [ ],
    "parameters" : [ ],
    "attachmentsCount" : 0,
    "shouldDisplayMessage" : true,
    "stepsCount" : 28,
    "hasContent" : true
  },
  "afterStages" : [ {
    "name" : "driver::0",
    "time" : {
      "start" : 1708155776734,
      "stop" : 1708155776820,
      "duration" : 86
    },
    "status" : "passed",
    "steps" : [ ],
    "attachments" : [ ],
    "parameters" : [ ],
    "attachmentsCount" : 0,
    "shouldDisplayMessage" : false,
    "stepsCount" : 0,
    "hasContent" : false
  } ],
  "labels" : [ {
    "name" : "feature",
    "value" : "Full check"
  }, {
    "name" : "severity",
    "value" : "Critical"
  }, {
    "name" : "tag",
    "value" : "registration"
  }, {
    "name" : "parentSuite",
    "value" : "tests"
  }, {
    "name" : "suite",
    "value" : "test_full"
  }, {
    "name" : "subSuite",
    "value" : "TestFullСheck"
  }, {
    "name" : "host",
    "value" : "766735b4b715"
  }, {
    "name" : "thread",
    "value" : "1-MainThread"
  }, {
    "name" : "framework",
    "value" : "pytest"
  }, {
    "name" : "language",
    "value" : "cpython3"
  }, {
    "name" : "package",
    "value" : "tests.test_full"
  }, {
    "name" : "resultFormat",
    "value" : "allure2"
  } ],
  "parameters" : [ ],
  "links" : [ ],
  "hidden" : false,
  "retry" : false,
  "extra" : {
    "severity" : "critical",
    "retries" : [ ],
    "categories" : [ {
      "name" : "Test defects",
      "matchedStatuses" : [ ],
      "flaky" : false
    } ],
    "tags" : [ "registration" ]
  },
  "source" : "18fedc602a7b06ff.json",
  "parameterValues" : [ ]
}