{
  "uid" : "9e635e561267a40a",
  "name" : "Full test",
  "fullName" : "tests.test_full.TestFullСheck#test_full",
  "historyId" : "8e60ee14f1560876ffd078206eeefcef",
  "time" : {
    "start" : 1709623727525,
    "stop" : 1709623753066,
    "duration" : 25541
  },
  "status" : "broken",
  "statusMessage" : "selenium.common.exceptions.TimeoutException: Message:",
  "statusTrace" : "self = <test_full.TestFullСheck object at 0x7f2f2c205130>\n\n    @allure.title(\"Full test\")\n    @allure.severity(\"Critical\")\n    @pytest.mark.full\n    def test_full(self):\n            # РЕГИСТРАЦИЯ\n        self.dashboard_registration_page.open()                                     # Открытие главной страницы\n        self.dashboard_registration_page.is_opened()                                # Проверка на открытие\n        self.dashboard_registration_page.click_registration()                       # Клик на регистрация\n        self.registration_page.open()                                               # Открытие страницы регистрации\n        self.registration_page.enter_login(self.data.R_LOGIN)                       # ввод логина\n        self.registration_page.enter_password(self.data.R_PASSWORD)                 # ввод пароля\n        self.registration_page.enter_repeat_password(self.data.R_REPEAT_PASSWORD)   # ввод пароля\n        self.registration_page.click_submit_button()                                # Клик на кнопку сохранить\n        self.registration_page.exit_login()                                         # Выход из логина\n            # ЛОГИН\n        self.login_page.enter_login(self.data.R_LOGIN)                              # ввод логина\n        self.login_page.enter_password(self.data.R_PASSWORD)                        # ввод пароля\n        self.login_page.click_submit_button()                                       # нажатие на войти\n            # ФИЛТЕР\n        self.search.scrol_down_button()                                             # Скролл страницы до кнопки\n        self.search.next_page()                                                     # Следующая страница\n        self.search.scrol_down()                                                    # Скролл вниз\n        self.search.scrol_up()                                                      # Скролл вверх\n        self.search.click_search_marka()                                            # Выпадающий список марок\n        self.search.click_select_marka()                                            # Выбор марки\n        self.search.click_search_model()                                            # Выпадающий список модели\n        self.search.click_select_model()                                            # Выбор модели\n        self.search.click_search_cuzov()                                            # Выпадающий список кузовов\n        self.search.click_select_cuzov()                                            # Выбор кузова\n        self.search.start_price(f\"26{random.randint(1000, 100000)}\")                # Заполнение цены от\n        self.search.end_price(f\"3{random.randint(10000, 1000000)}\")                 # Заполнение цены до\n        self.search.start_mileage(f\"46{random.randint(10, 1000)}\")                  # Заполнение пробега от\n        self.search.end_mileage(f\"5{random.randint(100, 10000)}\")                   # Заполнение пробега до\n        self.search.explore_search()                                                # Поиск\n>       self.search.car_card_1()                                                    # Открытие карточки авто\n\ntests/test_full.py:44: \n_ _ _ _ _ _ _ _ _ _ _ _ _ _ _ _ _ _ _ _ _ _ _ _ _ _ _ _ _ _ _ _ _ _ _ _ _ _ _ _ \npages/for_search/dashborad_search_page.py:97: in car_card_1\n    self.wait.until(EC.element_to_be_clickable(self.CAR_CARD_1)).click()\n_ _ _ _ _ _ _ _ _ _ _ _ _ _ _ _ _ _ _ _ _ _ _ _ _ _ _ _ _ _ _ _ _ _ _ _ _ _ _ _ \n\nself = <selenium.webdriver.support.wait.WebDriverWait (session=\"d3803c50b3aa6fffe8a8280c81c6d35a\")>\nmethod = <function element_to_be_clickable.<locals>._predicate at 0x7f2f2b328ea0>\nmessage = ''\n\n    def until(self, method: Callable[[D], Union[Literal[False], T]], message: str = \"\") -> T:\n        \"\"\"Calls the method provided with the driver as an argument until the \\\n        return value does not evaluate to ``False``.\n    \n        :param method: callable(WebDriver)\n        :param message: optional message for :exc:`TimeoutException`\n        :returns: the result of the last call to `method`\n        :raises: :exc:`selenium.common.exceptions.TimeoutException` if timeout occurs\n        \"\"\"\n        screen = None\n        stacktrace = None\n    \n        end_time = time.monotonic() + self._timeout\n        while True:\n            try:\n                value = method(self._driver)\n                if value:\n                    return value\n            except self._ignored_exceptions as exc:\n                screen = getattr(exc, \"screen\", None)\n                stacktrace = getattr(exc, \"stacktrace\", None)\n            time.sleep(self._poll)\n            if time.monotonic() > end_time:\n                break\n>       raise TimeoutException(message, screen, stacktrace)\nE       selenium.common.exceptions.TimeoutException: Message:\n\n../local/lib/python3.12/site-packages/selenium/webdriver/support/wait.py:105: TimeoutException",
  "flaky" : false,
  "newFailed" : false,
  "beforeStages" : [ {
    "name" : "setup",
    "time" : {
      "start" : 1709623727524,
      "stop" : 1709623727524,
      "duration" : 0
    },
    "status" : "passed",
    "steps" : [ ],
    "attachments" : [ ],
    "parameters" : [ ],
    "attachmentsCount" : 0,
    "shouldDisplayMessage" : false,
    "stepsCount" : 0,
    "hasContent" : false
  }, {
    "name" : "driver",
    "time" : {
      "start" : 1709623727133,
      "stop" : 1709623727524,
      "duration" : 391
    },
    "status" : "passed",
    "steps" : [ ],
    "attachments" : [ ],
    "parameters" : [ ],
    "attachmentsCount" : 0,
    "shouldDisplayMessage" : false,
    "stepsCount" : 0,
    "hasContent" : false
  } ],
  "testStage" : {
    "status" : "broken",
    "statusMessage" : "selenium.common.exceptions.TimeoutException: Message:",
    "statusTrace" : "self = <test_full.TestFullСheck object at 0x7f2f2c205130>\n\n    @allure.title(\"Full test\")\n    @allure.severity(\"Critical\")\n    @pytest.mark.full\n    def test_full(self):\n            # РЕГИСТРАЦИЯ\n        self.dashboard_registration_page.open()                                     # Открытие главной страницы\n        self.dashboard_registration_page.is_opened()                                # Проверка на открытие\n        self.dashboard_registration_page.click_registration()                       # Клик на регистрация\n        self.registration_page.open()                                               # Открытие страницы регистрации\n        self.registration_page.enter_login(self.data.R_LOGIN)                       # ввод логина\n        self.registration_page.enter_password(self.data.R_PASSWORD)                 # ввод пароля\n        self.registration_page.enter_repeat_password(self.data.R_REPEAT_PASSWORD)   # ввод пароля\n        self.registration_page.click_submit_button()                                # Клик на кнопку сохранить\n        self.registration_page.exit_login()                                         # Выход из логина\n            # ЛОГИН\n        self.login_page.enter_login(self.data.R_LOGIN)                              # ввод логина\n        self.login_page.enter_password(self.data.R_PASSWORD)                        # ввод пароля\n        self.login_page.click_submit_button()                                       # нажатие на войти\n            # ФИЛТЕР\n        self.search.scrol_down_button()                                             # Скролл страницы до кнопки\n        self.search.next_page()                                                     # Следующая страница\n        self.search.scrol_down()                                                    # Скролл вниз\n        self.search.scrol_up()                                                      # Скролл вверх\n        self.search.click_search_marka()                                            # Выпадающий список марок\n        self.search.click_select_marka()                                            # Выбор марки\n        self.search.click_search_model()                                            # Выпадающий список модели\n        self.search.click_select_model()                                            # Выбор модели\n        self.search.click_search_cuzov()                                            # Выпадающий список кузовов\n        self.search.click_select_cuzov()                                            # Выбор кузова\n        self.search.start_price(f\"26{random.randint(1000, 100000)}\")                # Заполнение цены от\n        self.search.end_price(f\"3{random.randint(10000, 1000000)}\")                 # Заполнение цены до\n        self.search.start_mileage(f\"46{random.randint(10, 1000)}\")                  # Заполнение пробега от\n        self.search.end_mileage(f\"5{random.randint(100, 10000)}\")                   # Заполнение пробега до\n        self.search.explore_search()                                                # Поиск\n>       self.search.car_card_1()                                                    # Открытие карточки авто\n\ntests/test_full.py:44: \n_ _ _ _ _ _ _ _ _ _ _ _ _ _ _ _ _ _ _ _ _ _ _ _ _ _ _ _ _ _ _ _ _ _ _ _ _ _ _ _ \npages/for_search/dashborad_search_page.py:97: in car_card_1\n    self.wait.until(EC.element_to_be_clickable(self.CAR_CARD_1)).click()\n_ _ _ _ _ _ _ _ _ _ _ _ _ _ _ _ _ _ _ _ _ _ _ _ _ _ _ _ _ _ _ _ _ _ _ _ _ _ _ _ \n\nself = <selenium.webdriver.support.wait.WebDriverWait (session=\"d3803c50b3aa6fffe8a8280c81c6d35a\")>\nmethod = <function element_to_be_clickable.<locals>._predicate at 0x7f2f2b328ea0>\nmessage = ''\n\n    def until(self, method: Callable[[D], Union[Literal[False], T]], message: str = \"\") -> T:\n        \"\"\"Calls the method provided with the driver as an argument until the \\\n        return value does not evaluate to ``False``.\n    \n        :param method: callable(WebDriver)\n        :param message: optional message for :exc:`TimeoutException`\n        :returns: the result of the last call to `method`\n        :raises: :exc:`selenium.common.exceptions.TimeoutException` if timeout occurs\n        \"\"\"\n        screen = None\n        stacktrace = None\n    \n        end_time = time.monotonic() + self._timeout\n        while True:\n            try:\n                value = method(self._driver)\n                if value:\n                    return value\n            except self._ignored_exceptions as exc:\n                screen = getattr(exc, \"screen\", None)\n                stacktrace = getattr(exc, \"stacktrace\", None)\n            time.sleep(self._poll)\n            if time.monotonic() > end_time:\n                break\n>       raise TimeoutException(message, screen, stacktrace)\nE       selenium.common.exceptions.TimeoutException: Message:\n\n../local/lib/python3.12/site-packages/selenium/webdriver/support/wait.py:105: TimeoutException",
    "steps" : [ {
      "name" : "Open https://liteavto.pythonanywhere.com/ page",
      "time" : {
        "start" : 1709623727525,
        "stop" : 1709623729560,
        "duration" : 2035
      },
      "status" : "passed",
      "steps" : [ ],
      "attachments" : [ ],
      "parameters" : [ ],
      "attachmentsCount" : 0,
      "shouldDisplayMessage" : false,
      "stepsCount" : 0,
      "hasContent" : false
    }, {
      "name" : "Page https://liteavto.pythonanywhere.com/ is opened",
      "time" : {
        "start" : 1709623729560,
        "stop" : 1709623729563,
        "duration" : 3
      },
      "status" : "passed",
      "steps" : [ ],
      "attachments" : [ ],
      "parameters" : [ ],
      "attachmentsCount" : 0,
      "shouldDisplayMessage" : false,
      "stepsCount" : 0,
      "hasContent" : false
    }, {
      "name" : "Click on registration",
      "time" : {
        "start" : 1709623729563,
        "stop" : 1709623729699,
        "duration" : 136
      },
      "status" : "passed",
      "steps" : [ ],
      "attachments" : [ ],
      "parameters" : [ ],
      "attachmentsCount" : 0,
      "shouldDisplayMessage" : false,
      "stepsCount" : 0,
      "hasContent" : false
    }, {
      "name" : "Open https://liteavto.pythonanywhere.com/register page",
      "time" : {
        "start" : 1709623729699,
        "stop" : 1709623729778,
        "duration" : 79
      },
      "status" : "passed",
      "steps" : [ ],
      "attachments" : [ ],
      "parameters" : [ ],
      "attachmentsCount" : 0,
      "shouldDisplayMessage" : false,
      "stepsCount" : 0,
      "hasContent" : false
    }, {
      "name" : "Enter login",
      "time" : {
        "start" : 1709623729778,
        "stop" : 1709623729830,
        "duration" : 52
      },
      "status" : "passed",
      "steps" : [ ],
      "attachments" : [ ],
      "parameters" : [ {
        "name" : "login",
        "value" : "'garpix'"
      } ],
      "attachmentsCount" : 0,
      "shouldDisplayMessage" : false,
      "stepsCount" : 0,
      "hasContent" : true
    }, {
      "name" : "Enter password",
      "time" : {
        "start" : 1709623729830,
        "stop" : 1709623729880,
        "duration" : 50
      },
      "status" : "passed",
      "steps" : [ ],
      "attachments" : [ ],
      "parameters" : [ {
        "name" : "password",
        "value" : "'garpix911'"
      } ],
      "attachmentsCount" : 0,
      "shouldDisplayMessage" : false,
      "stepsCount" : 0,
      "hasContent" : true
    }, {
      "name" : "Enter repeat password",
      "time" : {
        "start" : 1709623729880,
        "stop" : 1709623729930,
        "duration" : 50
      },
      "status" : "passed",
      "steps" : [ ],
      "attachments" : [ ],
      "parameters" : [ {
        "name" : "password",
        "value" : "'garpix911'"
      } ],
      "attachmentsCount" : 0,
      "shouldDisplayMessage" : false,
      "stepsCount" : 0,
      "hasContent" : true
    }, {
      "name" : "Click submit button",
      "time" : {
        "start" : 1709623729930,
        "stop" : 1709623735025,
        "duration" : 5095
      },
      "status" : "passed",
      "steps" : [ ],
      "attachments" : [ ],
      "parameters" : [ ],
      "attachmentsCount" : 0,
      "shouldDisplayMessage" : false,
      "stepsCount" : 0,
      "hasContent" : false
    }, {
      "name" : "Click exit login",
      "time" : {
        "start" : 1709623735025,
        "stop" : 1709623735137,
        "duration" : 112
      },
      "status" : "passed",
      "steps" : [ ],
      "attachments" : [ ],
      "parameters" : [ ],
      "attachmentsCount" : 0,
      "shouldDisplayMessage" : false,
      "stepsCount" : 0,
      "hasContent" : false
    }, {
      "name" : "Enter login",
      "time" : {
        "start" : 1709623735137,
        "stop" : 1709623735181,
        "duration" : 44
      },
      "status" : "passed",
      "steps" : [ ],
      "attachments" : [ ],
      "parameters" : [ {
        "name" : "login",
        "value" : "'garpix'"
      } ],
      "attachmentsCount" : 0,
      "shouldDisplayMessage" : false,
      "stepsCount" : 0,
      "hasContent" : true
    }, {
      "name" : "Enter password",
      "time" : {
        "start" : 1709623735181,
        "stop" : 1709623735229,
        "duration" : 48
      },
      "status" : "passed",
      "steps" : [ ],
      "attachments" : [ ],
      "parameters" : [ {
        "name" : "password",
        "value" : "'garpix911'"
      } ],
      "attachmentsCount" : 0,
      "shouldDisplayMessage" : false,
      "stepsCount" : 0,
      "hasContent" : true
    }, {
      "name" : "Click on submit button",
      "time" : {
        "start" : 1709623735229,
        "stop" : 1709623738135,
        "duration" : 2906
      },
      "status" : "passed",
      "steps" : [ ],
      "attachments" : [ ],
      "parameters" : [ ],
      "attachmentsCount" : 0,
      "shouldDisplayMessage" : false,
      "stepsCount" : 0,
      "hasContent" : false
    }, {
      "name" : "Scroll page to the button",
      "time" : {
        "start" : 1709623738135,
        "stop" : 1709623738147,
        "duration" : 12
      },
      "status" : "passed",
      "steps" : [ ],
      "attachments" : [ ],
      "parameters" : [ ],
      "attachmentsCount" : 0,
      "shouldDisplayMessage" : false,
      "stepsCount" : 0,
      "hasContent" : false
    }, {
      "name" : "Click on next page",
      "time" : {
        "start" : 1709623738147,
        "stop" : 1709623738365,
        "duration" : 218
      },
      "status" : "passed",
      "steps" : [ ],
      "attachments" : [ ],
      "parameters" : [ ],
      "attachmentsCount" : 0,
      "shouldDisplayMessage" : false,
      "stepsCount" : 0,
      "hasContent" : false
    }, {
      "name" : "Scrol https://liteavto.pythonanywhere.com/ page",
      "time" : {
        "start" : 1709623738365,
        "stop" : 1709623738369,
        "duration" : 4
      },
      "status" : "passed",
      "steps" : [ ],
      "attachments" : [ ],
      "parameters" : [ ],
      "attachmentsCount" : 0,
      "shouldDisplayMessage" : false,
      "stepsCount" : 0,
      "hasContent" : false
    }, {
      "name" : "Scrol https://liteavto.pythonanywhere.com/ page",
      "time" : {
        "start" : 1709623738369,
        "stop" : 1709623738372,
        "duration" : 3
      },
      "status" : "passed",
      "steps" : [ ],
      "attachments" : [ ],
      "parameters" : [ ],
      "attachmentsCount" : 0,
      "shouldDisplayMessage" : false,
      "stepsCount" : 0,
      "hasContent" : false
    }, {
      "name" : "Click on search marka",
      "time" : {
        "start" : 1709623738372,
        "stop" : 1709623738423,
        "duration" : 51
      },
      "status" : "passed",
      "steps" : [ ],
      "attachments" : [ ],
      "parameters" : [ ],
      "attachmentsCount" : 0,
      "shouldDisplayMessage" : false,
      "stepsCount" : 0,
      "hasContent" : false
    }, {
      "name" : "Click on select marka",
      "time" : {
        "start" : 1709623738423,
        "stop" : 1709623738458,
        "duration" : 35
      },
      "status" : "passed",
      "steps" : [ ],
      "attachments" : [ ],
      "parameters" : [ ],
      "attachmentsCount" : 0,
      "shouldDisplayMessage" : false,
      "stepsCount" : 0,
      "hasContent" : false
    }, {
      "name" : "Click on search model",
      "time" : {
        "start" : 1709623738458,
        "stop" : 1709623738507,
        "duration" : 49
      },
      "status" : "passed",
      "steps" : [ ],
      "attachments" : [ ],
      "parameters" : [ ],
      "attachmentsCount" : 0,
      "shouldDisplayMessage" : false,
      "stepsCount" : 0,
      "hasContent" : false
    }, {
      "name" : "Click on select model",
      "time" : {
        "start" : 1709623738507,
        "stop" : 1709623738541,
        "duration" : 34
      },
      "status" : "passed",
      "steps" : [ ],
      "attachments" : [ ],
      "parameters" : [ ],
      "attachmentsCount" : 0,
      "shouldDisplayMessage" : false,
      "stepsCount" : 0,
      "hasContent" : false
    }, {
      "name" : "Click on search cuzov",
      "time" : {
        "start" : 1709623738541,
        "stop" : 1709623738591,
        "duration" : 50
      },
      "status" : "passed",
      "steps" : [ ],
      "attachments" : [ ],
      "parameters" : [ ],
      "attachmentsCount" : 0,
      "shouldDisplayMessage" : false,
      "stepsCount" : 0,
      "hasContent" : false
    }, {
      "name" : "Click on select cuzov",
      "time" : {
        "start" : 1709623738591,
        "stop" : 1709623738626,
        "duration" : 35
      },
      "status" : "passed",
      "steps" : [ ],
      "attachments" : [ ],
      "parameters" : [ ],
      "attachmentsCount" : 0,
      "shouldDisplayMessage" : false,
      "stepsCount" : 0,
      "hasContent" : false
    }, {
      "name" : "Enter start price",
      "time" : {
        "start" : 1709623738626,
        "stop" : 1709623738678,
        "duration" : 52
      },
      "status" : "passed",
      "steps" : [ ],
      "attachments" : [ ],
      "parameters" : [ {
        "name" : "new_price",
        "value" : "'2643735'"
      } ],
      "attachmentsCount" : 0,
      "shouldDisplayMessage" : false,
      "stepsCount" : 0,
      "hasContent" : true
    }, {
      "name" : "Enter end price",
      "time" : {
        "start" : 1709623738678,
        "stop" : 1709623738731,
        "duration" : 53
      },
      "status" : "passed",
      "steps" : [ ],
      "attachments" : [ ],
      "parameters" : [ {
        "name" : "new_price",
        "value" : "'3425377'"
      } ],
      "attachmentsCount" : 0,
      "shouldDisplayMessage" : false,
      "stepsCount" : 0,
      "hasContent" : true
    }, {
      "name" : "Enter start mileage",
      "time" : {
        "start" : 1709623738731,
        "stop" : 1709623738782,
        "duration" : 51
      },
      "status" : "passed",
      "steps" : [ ],
      "attachments" : [ ],
      "parameters" : [ {
        "name" : "new_mileage",
        "value" : "'46187'"
      } ],
      "attachmentsCount" : 0,
      "shouldDisplayMessage" : false,
      "stepsCount" : 0,
      "hasContent" : true
    }, {
      "name" : "Enter end mileage",
      "time" : {
        "start" : 1709623738782,
        "stop" : 1709623739835,
        "duration" : 1053
      },
      "status" : "passed",
      "steps" : [ ],
      "attachments" : [ ],
      "parameters" : [ {
        "name" : "new_mileage",
        "value" : "'5458'"
      } ],
      "attachmentsCount" : 0,
      "shouldDisplayMessage" : false,
      "stepsCount" : 0,
      "hasContent" : true
    }, {
      "name" : "Click explore button",
      "time" : {
        "start" : 1709623739835,
        "stop" : 1709623743012,
        "duration" : 3177
      },
      "status" : "passed",
      "steps" : [ ],
      "attachments" : [ ],
      "parameters" : [ ],
      "attachmentsCount" : 0,
      "shouldDisplayMessage" : false,
      "stepsCount" : 0,
      "hasContent" : false
    }, {
      "name" : "Click car card 1",
      "time" : {
        "start" : 1709623743012,
        "stop" : 1709623753065,
        "duration" : 10053
      },
      "status" : "broken",
      "statusMessage" : "selenium.common.exceptions.TimeoutException: Message: \n\n",
      "statusTrace" : "  File \"/usr/local/lib/python3.12/site-packages/allure_commons/_allure.py\", line 192, in impl\n    return func(*a, **kw)\n           ^^^^^^^^^^^^^^\n  File \"/usr/workspace/pages/for_search/dashborad_search_page.py\", line 97, in car_card_1\n    self.wait.until(EC.element_to_be_clickable(self.CAR_CARD_1)).click()\n    ^^^^^^^^^^^^^^^^^^^^^^^^^^^^^^^^^^^^^^^^^^^^^^^^^^^^^^^^^^^^\n  File \"/usr/local/lib/python3.12/site-packages/selenium/webdriver/support/wait.py\", line 105, in until\n    raise TimeoutException(message, screen, stacktrace)\n",
      "steps" : [ ],
      "attachments" : [ ],
      "parameters" : [ ],
      "attachmentsCount" : 0,
      "shouldDisplayMessage" : true,
      "stepsCount" : 0,
      "hasContent" : true
    } ],
    "attachments" : [ ],
    "parameters" : [ ],
    "attachmentsCount" : 0,
    "shouldDisplayMessage" : true,
    "stepsCount" : 28,
    "hasContent" : true
  },
  "afterStages" : [ {
    "name" : "driver::0",
    "time" : {
      "start" : 1709623753097,
      "stop" : 1709623753182,
      "duration" : 85
    },
    "status" : "passed",
    "steps" : [ ],
    "attachments" : [ ],
    "parameters" : [ ],
    "attachmentsCount" : 0,
    "shouldDisplayMessage" : false,
    "stepsCount" : 0,
    "hasContent" : false
  } ],
  "labels" : [ {
    "name" : "feature",
    "value" : "Full check"
  }, {
    "name" : "severity",
    "value" : "Critical"
  }, {
    "name" : "tag",
    "value" : "full"
  }, {
    "name" : "parentSuite",
    "value" : "tests"
  }, {
    "name" : "suite",
    "value" : "test_full"
  }, {
    "name" : "subSuite",
    "value" : "TestFullСheck"
  }, {
    "name" : "host",
    "value" : "53d0893028ff"
  }, {
    "name" : "thread",
    "value" : "1-MainThread"
  }, {
    "name" : "framework",
    "value" : "pytest"
  }, {
    "name" : "language",
    "value" : "cpython3"
  }, {
    "name" : "package",
    "value" : "tests.test_full"
  }, {
    "name" : "resultFormat",
    "value" : "allure2"
  } ],
  "parameters" : [ ],
  "links" : [ ],
  "hidden" : false,
  "retry" : false,
  "extra" : {
    "severity" : "critical",
    "retries" : [ ],
    "categories" : [ {
      "name" : "Test defects",
      "matchedStatuses" : [ ],
      "flaky" : false
    } ],
    "history" : {
      "statistic" : {
        "failed" : 0,
        "broken" : 7,
        "skipped" : 0,
        "passed" : 1,
        "unknown" : 0,
        "total" : 8
      },
      "items" : [ {
        "uid" : "a4abe59e03bcad77",
        "status" : "broken",
        "statusDetails" : "selenium.common.exceptions.TimeoutException: Message:",
        "time" : {
          "start" : 1709623510377,
          "stop" : 1709623542667,
          "duration" : 32290
        }
      }, {
        "uid" : "19e3c983f786174c",
        "status" : "passed",
        "time" : {
          "start" : 1709105428009,
          "stop" : 1709105461762,
          "duration" : 33753
        }
      }, {
        "uid" : "1601ea6ff741162e",
        "status" : "broken",
        "statusDetails" : "selenium.common.exceptions.TimeoutException: Message:",
        "time" : {
          "start" : 1709105196340,
          "stop" : 1709105229275,
          "duration" : 32935
        }
      }, {
        "uid" : "ffa1656afd000525",
        "status" : "broken",
        "statusDetails" : "selenium.common.exceptions.TimeoutException: Message:",
        "time" : {
          "start" : 1709102854300,
          "stop" : 1709102886339,
          "duration" : 32039
        }
      }, {
        "uid" : "4a98d7a691801f5b",
        "status" : "broken",
        "statusDetails" : "selenium.common.exceptions.TimeoutException: Message:",
        "time" : {
          "start" : 1709102623259,
          "stop" : 1709102656036,
          "duration" : 32777
        }
      }, {
        "uid" : "b570126d49dac9e8",
        "status" : "broken",
        "statusDetails" : "selenium.common.exceptions.TimeoutException: Message:",
        "time" : {
          "start" : 1709102373307,
          "stop" : 1709102404807,
          "duration" : 31500
        }
      }, {
        "uid" : "3028f8e8ae0ba1ab",
        "status" : "broken",
        "statusDetails" : "selenium.common.exceptions.WebDriverException: Message: unknown error: Chrome failed to start: exited abnormally.\n  (unknown error: DevToolsActivePort file doesn't exist)\n  (The process started from chrome location /usr/bin/chromium-browser is no longer running, so ChromeDriver is assuming that Chrome has crashed.)",
        "time" : {
          "start" : 1709102138933,
          "stop" : 1709102138933,
          "duration" : 0
        }
      } ]
    },
    "tags" : [ "full" ]
  },
  "source" : "9e635e561267a40a.json",
  "parameterValues" : [ ]
}